0 info it worked if it ends with ok
1 verbose cli [ 'node',
1 verbose cli   '/usr/local/bin/npm',
1 verbose cli   'install',
1 verbose cli   '-g',
1 verbose cli   'generator-angular',
1 verbose cli   'generator-karma' ]
2 info using npm@2.9.1
3 info using node@v0.12.3
4 verbose install initial load of /usr/local/lib/package.json
5 verbose readDependencies loading dependencies from /usr/local/lib/package.json
6 silly cache add args [ 'generator-angular', null ]
7 verbose cache add spec generator-angular
8 silly cache add args [ 'generator-karma', null ]
9 verbose cache add spec generator-karma
10 silly cache add parsed spec { raw: 'generator-angular',
10 silly cache add   scope: null,
10 silly cache add   name: 'generator-angular',
10 silly cache add   rawSpec: '',
10 silly cache add   spec: '*',
10 silly cache add   type: 'range' }
11 silly addNamed generator-angular@*
12 verbose addNamed "*" is a valid semver range for generator-angular
13 silly addNameRange { name: 'generator-angular', range: '*', hasData: false }
14 silly mapToRegistry name generator-angular
15 silly mapToRegistry using default registry
16 silly mapToRegistry registry https://registry.npmjs.org/
17 silly mapToRegistry uri https://registry.npmjs.org/generator-angular
18 verbose addNameRange registry:https://registry.npmjs.org/generator-angular not in flight; fetching
19 silly cache add parsed spec { raw: 'generator-karma',
19 silly cache add   scope: null,
19 silly cache add   name: 'generator-karma',
19 silly cache add   rawSpec: '',
19 silly cache add   spec: '*',
19 silly cache add   type: 'range' }
20 silly addNamed generator-karma@*
21 verbose addNamed "*" is a valid semver range for generator-karma
22 silly addNameRange { name: 'generator-karma', range: '*', hasData: false }
23 silly mapToRegistry name generator-karma
24 silly mapToRegistry using default registry
25 silly mapToRegistry registry https://registry.npmjs.org/
26 silly mapToRegistry uri https://registry.npmjs.org/generator-karma
27 verbose addNameRange registry:https://registry.npmjs.org/generator-karma not in flight; fetching
28 verbose request uri https://registry.npmjs.org/generator-angular
29 verbose request no auth needed
30 info attempt registry request try #1 at 2:41:34 PM
31 verbose request id 65e30c98cf32bc13
32 verbose etag "EL1VPG6AGUOGZJKM5WTIYVYZJ"
33 http request GET https://registry.npmjs.org/generator-angular
34 verbose request uri https://registry.npmjs.org/generator-karma
35 verbose request no auth needed
36 info attempt registry request try #1 at 2:41:34 PM
37 verbose etag "57HNHN1X0Z42VQ6DLMNENS9CC"
38 http request GET https://registry.npmjs.org/generator-karma
39 http 304 https://registry.npmjs.org/generator-angular
40 silly get cb [ 304,
40 silly get   { date: 'Fri, 22 May 2015 11:41:34 GMT',
40 silly get     via: '1.1 varnish',
40 silly get     'cache-control': 'max-age=60',
40 silly get     etag: '"EL1VPG6AGUOGZJKM5WTIYVYZJ"',
40 silly get     age: '17',
40 silly get     connection: 'keep-alive',
40 silly get     'x-served-by': 'cache-fra1222-FRA',
40 silly get     'x-cache': 'HIT',
40 silly get     'x-cache-hits': '1',
40 silly get     'x-timer': 'S1432294894.583806,VS0,VE0',
40 silly get     vary: 'Accept' } ]
41 verbose etag https://registry.npmjs.org/generator-angular from cache
42 verbose get saving generator-angular to /Users/lucian/.npm/registry.npmjs.org/generator-angular/.cache.json
43 silly addNameRange number 2 { name: 'generator-angular', range: '*', hasData: true }
44 silly addNameRange versions [ 'generator-angular',
44 silly addNameRange   [ '0.1.0',
44 silly addNameRange     '0.1.1',
44 silly addNameRange     '0.1.2',
44 silly addNameRange     '0.1.3',
44 silly addNameRange     '0.1.4',
44 silly addNameRange     '0.1.5',
44 silly addNameRange     '0.2.0',
44 silly addNameRange     '0.2.1',
44 silly addNameRange     '0.2.2',
44 silly addNameRange     '0.3.0',
44 silly addNameRange     '0.3.1',
44 silly addNameRange     '0.4.0',
44 silly addNameRange     '0.5.0',
44 silly addNameRange     '0.5.1',
44 silly addNameRange     '0.6.0-rc.1',
44 silly addNameRange     '0.6.0-rc.2',
44 silly addNameRange     '0.6.0',
44 silly addNameRange     '0.7.0',
44 silly addNameRange     '0.7.1',
44 silly addNameRange     '0.8.0',
44 silly addNameRange     '0.9.0-0',
44 silly addNameRange     '0.9.0-1',
44 silly addNameRange     '0.9.0',
44 silly addNameRange     '0.9.1',
44 silly addNameRange     '0.9.2',
44 silly addNameRange     '0.9.3',
44 silly addNameRange     '0.9.5',
44 silly addNameRange     '0.9.6',
44 silly addNameRange     '0.9.7',
44 silly addNameRange     '0.9.8',
44 silly addNameRange     '0.10.0',
44 silly addNameRange     '0.11.0',
44 silly addNameRange     '0.11.1' ] ]
45 silly addNamed generator-angular@0.11.1
46 verbose addNamed "0.11.1" is a plain semver version for generator-angular
47 silly cache afterAdd generator-angular@0.11.1
48 verbose afterAdd /Users/lucian/.npm/generator-angular/0.11.1/package/package.json not in flight; writing
49 verbose afterAdd /Users/lucian/.npm/generator-angular/0.11.1/package/package.json written
50 http 304 https://registry.npmjs.org/generator-karma
51 silly get cb [ 304,
51 silly get   { date: 'Fri, 22 May 2015 11:41:34 GMT',
51 silly get     via: '1.1 varnish',
51 silly get     'cache-control': 'max-age=60',
51 silly get     etag: '"57HNHN1X0Z42VQ6DLMNENS9CC"',
51 silly get     age: '0',
51 silly get     connection: 'keep-alive',
51 silly get     'x-served-by': 'cache-fra1230-FRA',
51 silly get     'x-cache': 'HIT',
51 silly get     'x-cache-hits': '1',
51 silly get     'x-timer': 'S1432294894.585013,VS0,VE175',
51 silly get     vary: 'Accept' } ]
52 verbose etag https://registry.npmjs.org/generator-karma from cache
53 verbose get saving generator-karma to /Users/lucian/.npm/registry.npmjs.org/generator-karma/.cache.json
54 silly addNameRange number 2 { name: 'generator-karma', range: '*', hasData: true }
55 silly addNameRange versions [ 'generator-karma',
55 silly addNameRange   [ '0.1.1',
55 silly addNameRange     '0.2.0',
55 silly addNameRange     '0.3.0',
55 silly addNameRange     '0.3.1',
55 silly addNameRange     '0.4.1',
55 silly addNameRange     '0.5.0',
55 silly addNameRange     '0.6.0',
55 silly addNameRange     '0.7.0',
55 silly addNameRange     '0.8.0',
55 silly addNameRange     '0.8.1',
55 silly addNameRange     '0.8.2',
55 silly addNameRange     '0.8.3',
55 silly addNameRange     '0.9.0',
55 silly addNameRange     '1.0.0' ] ]
56 silly addNamed generator-karma@1.0.0
57 verbose addNamed "1.0.0" is a plain semver version for generator-karma
58 silly cache afterAdd generator-karma@1.0.0
59 verbose afterAdd /Users/lucian/.npm/generator-karma/1.0.0/package/package.json not in flight; writing
60 verbose afterAdd /Users/lucian/.npm/generator-karma/1.0.0/package/package.json written
61 silly install resolved [ { name: 'generator-angular',
61 silly install resolved     version: '0.11.1',
61 silly install resolved     description: 'Yeoman generator for AngularJS',
61 silly install resolved     keywords:
61 silly install resolved      [ 'yeoman-generator',
61 silly install resolved        'scaffold',
61 silly install resolved        'framework',
61 silly install resolved        'component',
61 silly install resolved        'front-end',
61 silly install resolved        'app',
61 silly install resolved        'angular' ],
61 silly install resolved     author: { name: 'The Yeoman Team' },
61 silly install resolved     main: 'app/index.js',
61 silly install resolved     files:
61 silly install resolved      [ 'app',
61 silly install resolved        'common',
61 silly install resolved        'constant',
61 silly install resolved        'controller',
61 silly install resolved        'decorator',
61 silly install resolved        'directive',
61 silly install resolved        'factory',
61 silly install resolved        'filter',
61 silly install resolved        'main',
61 silly install resolved        'provider',
61 silly install resolved        'route',
61 silly install resolved        'service',
61 silly install resolved        'templates',
61 silly install resolved        'value',
61 silly install resolved        'view',
61 silly install resolved        'script-base.js',
61 silly install resolved        'util.js' ],
61 silly install resolved     repository:
61 silly install resolved      { type: 'git',
61 silly install resolved        url: 'git+https://github.com/yeoman/generator-angular.git' },
61 silly install resolved     scripts: { test: 'mocha' },
61 silly install resolved     dependencies:
61 silly install resolved      { wiredep: '^2.2.0',
61 silly install resolved        'yeoman-generator': '^0.16.0',
61 silly install resolved        yosay: '^1.0.2',
61 silly install resolved        chalk: '^0.5.0' },
61 silly install resolved     peerDependencies: { 'generator-karma': '>=0.9.0', yo: '>=1.0.0' },
61 silly install resolved     devDependencies:
61 silly install resolved      { grunt: '~0.4.1',
61 silly install resolved        'grunt-contrib-jshint': '~0.11.0',
61 silly install resolved        'grunt-conventional-changelog': '~1.1.0',
61 silly install resolved        'grunt-release': '~0.11.0',
61 silly install resolved        'load-grunt-tasks': '~3.1.0',
61 silly install resolved        mocha: '*',
61 silly install resolved        semver: '~4.2.0',
61 silly install resolved        'underscore.string': '~2.3.1' },
61 silly install resolved     engines: { node: '>=0.10.0', npm: '>=1.2.10' },
61 silly install resolved     licenses: [ [Object] ],
61 silly install resolved     gitHead: '1173a57caca7a9614bdeadd4c916a00d3769de6f',
61 silly install resolved     bugs: { url: 'https://github.com/yeoman/generator-angular/issues' },
61 silly install resolved     homepage: 'https://github.com/yeoman/generator-angular',
61 silly install resolved     _id: 'generator-angular@0.11.1',
61 silly install resolved     _shasum: 'f469e28e4ce67639a47c690ba5e54f90558d8e8f',
61 silly install resolved     _from: 'generator-angular@*',
61 silly install resolved     _npmVersion: '2.4.1',
61 silly install resolved     _nodeVersion: '0.10.35',
61 silly install resolved     _npmUser: { name: 'eddiemonge', email: 'eddie+npm@eddiemonge.com' },
61 silly install resolved     maintainers:
61 silly install resolved      [ [Object],
61 silly install resolved        [Object],
61 silly install resolved        [Object],
61 silly install resolved        [Object],
61 silly install resolved        [Object],
61 silly install resolved        [Object],
61 silly install resolved        [Object] ],
61 silly install resolved     dist:
61 silly install resolved      { shasum: 'f469e28e4ce67639a47c690ba5e54f90558d8e8f',
61 silly install resolved        tarball: 'http://registry.npmjs.org/generator-angular/-/generator-angular-0.11.1.tgz' },
61 silly install resolved     directories: {},
61 silly install resolved     _resolved: 'https://registry.npmjs.org/generator-angular/-/generator-angular-0.11.1.tgz',
61 silly install resolved     readme: 'ERROR: No README data found!' },
61 silly install resolved   { name: 'generator-karma',
61 silly install resolved     version: '1.0.0',
61 silly install resolved     description: 'Yeoman generator for Karma',
61 silly install resolved     license: 'BSD',
61 silly install resolved     main: 'app/index.js',
61 silly install resolved     repository:
61 silly install resolved      { type: 'git',
61 silly install resolved        url: 'git+https://github.com/yeoman/generator-karma.git' },
61 silly install resolved     author: { name: 'The Yeoman Team' },
61 silly install resolved     engines: { node: '>=0.10.0', npm: '>=1.2.10' },
61 silly install resolved     scripts: { test: 'mocha --reporter spec' },
61 silly install resolved     files: [ 'app', 'templates' ],
61 silly install resolved     keywords: [ 'yeoman-generator', 'scaffold', 'test', 'runner', 'karma' ],
61 silly install resolved     dependencies:
61 silly install resolved      { underscore: '^1.6.0',
61 silly install resolved        'yeoman-generator': '^0.19.1',
61 silly install resolved        'sorted-object': '~1.0.0' },
61 silly install resolved     devDependencies: { mocha: '*' },
61 silly install resolved     peerDependencies: { yo: '>=1.0.0' },
61 silly install resolved     gitHead: 'cdc0a4a7c0ee3128e0ae5482faabf7cf2c22e4f0',
61 silly install resolved     bugs: { url: 'https://github.com/yeoman/generator-karma/issues' },
61 silly install resolved     homepage: 'https://github.com/yeoman/generator-karma',
61 silly install resolved     _id: 'generator-karma@1.0.0',
61 silly install resolved     _shasum: '43f909c1677c66598d0acb126694a12d3175f8ad',
61 silly install resolved     _from: 'generator-karma@*',
61 silly install resolved     _npmVersion: '2.5.1',
61 silly install resolved     _nodeVersion: '0.10.32',
61 silly install resolved     _npmUser: { name: 'sboudrias', email: 'admin@simonboudrias.com' },
61 silly install resolved     maintainers:
61 silly install resolved      [ [Object],
61 silly install resolved        [Object],
61 silly install resolved        [Object],
61 silly install resolved        [Object],
61 silly install resolved        [Object],
61 silly install resolved        [Object],
61 silly install resolved        [Object] ],
61 silly install resolved     dist:
61 silly install resolved      { shasum: '43f909c1677c66598d0acb126694a12d3175f8ad',
61 silly install resolved        tarball: 'http://registry.npmjs.org/generator-karma/-/generator-karma-1.0.0.tgz' },
61 silly install resolved     directories: {},
61 silly install resolved     _resolved: 'https://registry.npmjs.org/generator-karma/-/generator-karma-1.0.0.tgz',
61 silly install resolved     readme: 'ERROR: No README data found!' } ]
62 info install generator-angular@0.11.1 into /usr/local/lib
63 info install generator-karma@1.0.0 into /usr/local/lib
64 info installOne generator-angular@0.11.1
65 verbose installOne of generator-angular to /usr/local/lib not in flight; installing
66 info installOne generator-karma@1.0.0
67 verbose installOne of generator-karma to /usr/local/lib not in flight; installing
68 warn locking Error: EACCES, open '/Users/lucian/.npm/_locks/generator-angular-8c05db5f74b13054.lock'
68 warn locking     at Error (native)
68 warn locking  /Users/lucian/.npm/_locks/generator-angular-8c05db5f74b13054.lock failed { [Error: EACCES, open '/Users/lucian/.npm/_locks/generator-angular-8c05db5f74b13054.lock']
68 warn locking   errno: -13,
68 warn locking   code: 'EACCES',
68 warn locking   path: '/Users/lucian/.npm/_locks/generator-angular-8c05db5f74b13054.lock' }
69 verbose stack Error: Attempt to unlock /usr/local/lib/node_modules/generator-angular, which hasn't been locked
69 verbose stack     at unlock (/usr/local/lib/node_modules/npm/lib/utils/locker.js:66:11)
69 verbose stack     at cb (/usr/local/lib/node_modules/npm/lib/install.js:1015:5)
69 verbose stack     at /usr/local/lib/node_modules/npm/lib/install.js:1019:20
69 verbose stack     at /usr/local/lib/node_modules/npm/lib/utils/locker.js:40:9
69 verbose stack     at cb (/usr/local/lib/node_modules/npm/node_modules/lockfile/lockfile.js:149:38)
69 verbose stack     at /usr/local/lib/node_modules/npm/node_modules/lockfile/lockfile.js:177:38
69 verbose stack     at FSReqWrap.oncomplete (fs.js:95:15)
70 verbose cwd /Users/lucian/work/youvote4eu/youvote4eu
71 error Darwin 14.3.0
72 error argv "node" "/usr/local/bin/npm" "install" "-g" "generator-angular" "generator-karma"
73 error node v0.12.3
74 error npm  v2.9.1
75 error Attempt to unlock /usr/local/lib/node_modules/generator-angular, which hasn't been locked
76 error If you need help, you may report this error at:
76 error     <https://github.com/npm/npm/issues>
77 verbose exit [ 1, true ]
